<?xml version="1.0" encoding="UTF-8"?>
<testsuite name="com.Application.ApplicationTests" tests="1" skipped="0" failures="0" errors="0" timestamp="2024-07-08T06:49:04" hostname="aditya" time="1.17">
  <properties/>
  <testcase name="contextLoads()" classname="com.Application.ApplicationTests" time="1.17"/>
  <system-out><![CDATA[12:19:03.403 [Test worker] INFO org.springframework.test.context.support.AnnotationConfigContextLoaderUtils -- Could not detect default configuration classes for test class [com.Application.ApplicationTests]: ApplicationTests does not declare any static, non-private, non-final, nested classes annotated with @Configuration.
12:19:03.527 [Test worker] INFO org.springframework.boot.test.context.SpringBootTestContextBootstrapper -- Found @SpringBootConfiguration com.Application.Application for test class com.Application.ApplicationTests

  .   ____          _            __ _ _
 /\\ / ___'_ __ _ _(_)_ __  __ _ \ \ \ \
( ( )\___ | '_ | '_| | '_ \/ _` | \ \ \ \
 \\/  ___)| |_)| | | | | || (_| |  ) ) ) )
  '  |____| .__|_| |_|_| |_\__, | / / / /
 =========|_|==============|___/=/_/_/_/

 :: Spring Boot ::                (v3.3.1)

2024-07-08T12:19:04.047+05:30  INFO 21433 --- [Application] [    Test worker] com.Application.ApplicationTests         : Starting ApplicationTests using Java 21.0.3 with PID 21433 (started by root in /home/aditya/Downloads/Application)
2024-07-08T12:19:04.049+05:30  INFO 21433 --- [Application] [    Test worker] com.Application.ApplicationTests         : No active profile set, falling back to 1 default profile: "default"
2024-07-08T12:19:04.757+05:30  INFO 21433 --- [Application] [    Test worker] com.Application.ApplicationTests         : Started ApplicationTests in 1.04 seconds (process running for 2.716)
]]></system-out>
  <system-err><![CDATA[WARNING: A Java agent has been loaded dynamically (/root/.gradle/caches/modules-2/files-2.1/net.bytebuddy/byte-buddy-agent/1.14.17/e3c251a39dc90badaf71c83427ba46840f219d8d/byte-buddy-agent-1.14.17.jar)
WARNING: If a serviceability tool is in use, please run with -XX:+EnableDynamicAgentLoading to hide this warning
WARNING: If a serviceability tool is not in use, please run with -Djdk.instrument.traceUsage for more information
WARNING: Dynamic loading of agents will be disallowed by default in a future release
]]></system-err>
</testsuite>
