<?xml version="1.0" encoding="UTF-8"?>
<testsuite name="com.Application.ApplicationTests" tests="1" skipped="0" failures="0" errors="0" timestamp="2024-07-09T12:28:31" hostname="aditya" time="0.965">
  <properties/>
  <testcase name="contextLoads()" classname="com.Application.ApplicationTests" time="0.965"/>
  <system-out><![CDATA[17:58:29.820 [Test worker] INFO org.springframework.test.context.support.AnnotationConfigContextLoaderUtils -- Could not detect default configuration classes for test class [com.Application.ApplicationTests]: ApplicationTests does not declare any static, non-private, non-final, nested classes annotated with @Configuration.
17:58:29.956 [Test worker] INFO org.springframework.boot.test.context.SpringBootTestContextBootstrapper -- Found @SpringBootConfiguration com.Application.Application for test class com.Application.ApplicationTests

  .   ____          _            __ _ _
 /\\ / ___'_ __ _ _(_)_ __  __ _ \ \ \ \
( ( )\___ | '_ | '_| | '_ \/ _` | \ \ \ \
 \\/  ___)| |_)| | | | | || (_| |  ) ) ) )
  '  |____| .__|_| |_|_| |_\__, | / / / /
 =========|_|==============|___/=/_/_/_/

 :: Spring Boot ::                (v3.3.1)

2024-07-09T17:58:30.519+05:30  INFO 17713 --- [Application] [    Test worker] com.Application.ApplicationTests         : Starting ApplicationTests using Java 17.0.11 with PID 17713 (started by root in /home/aditya/Downloads/Application)
2024-07-09T17:58:30.521+05:30  INFO 17713 --- [Application] [    Test worker] com.Application.ApplicationTests         : No active profile set, falling back to 1 default profile: "default"
2024-07-09T17:58:31.974+05:30  INFO 17713 --- [Application] [    Test worker] com.Application.ApplicationTests         : Started ApplicationTests in 1.797 seconds (process running for 3.234)
]]></system-out>
  <system-err><![CDATA[]]></system-err>
</testsuite>
